2019-09-07 00:31:47,433 INFO 10860 [egg-schedule]: register schedule F:\user\desktop\Project\Shopshare\node_modules\_egg-multipart@2.9.0@egg-multipart\app\schedule\clean_tmpdir.js
2019-09-07 00:31:47,434 INFO 10860 [egg-schedule]: register schedule F:\user\desktop\Project\Shopshare\node_modules\_egg-logrotator@3.1.0@egg-logrotator\app\schedule\clean_log.js
2019-09-07 00:31:47,434 INFO 10860 [egg-schedule]: register schedule F:\user\desktop\Project\Shopshare\node_modules\_egg-logrotator@3.1.0@egg-logrotator\app\schedule\rotate_by_file.js
2019-09-07 00:33:09,342 INFO 1692 [egg-schedule]: register schedule F:\user\desktop\Project\Shopshare\node_modules\_egg-multipart@2.9.0@egg-multipart\app\schedule\clean_tmpdir.js
2019-09-07 00:33:09,342 INFO 1692 [egg-schedule]: register schedule F:\user\desktop\Project\Shopshare\node_modules\_egg-logrotator@3.1.0@egg-logrotator\app\schedule\clean_log.js
2019-09-07 00:33:09,342 INFO 1692 [egg-schedule]: register schedule F:\user\desktop\Project\Shopshare\node_modules\_egg-logrotator@3.1.0@egg-logrotator\app\schedule\rotate_by_file.js
2019-09-07 00:33:50,974 INFO 12124 [egg-schedule]: register schedule F:\user\desktop\Project\Shopshare\node_modules\_egg-multipart@2.9.0@egg-multipart\app\schedule\clean_tmpdir.js
2019-09-07 00:33:50,975 INFO 12124 [egg-schedule]: register schedule F:\user\desktop\Project\Shopshare\node_modules\_egg-logrotator@3.1.0@egg-logrotator\app\schedule\clean_log.js
2019-09-07 00:33:50,975 INFO 12124 [egg-schedule]: register schedule F:\user\desktop\Project\Shopshare\node_modules\_egg-logrotator@3.1.0@egg-logrotator\app\schedule\rotate_by_file.js
2019-09-07 00:33:56,512 INFO 4228 [egg-schedule]: register schedule F:\user\desktop\Project\Shopshare\node_modules\_egg-multipart@2.9.0@egg-multipart\app\schedule\clean_tmpdir.js
2019-09-07 00:33:56,512 INFO 4228 [egg-schedule]: register schedule F:\user\desktop\Project\Shopshare\node_modules\_egg-logrotator@3.1.0@egg-logrotator\app\schedule\clean_log.js
2019-09-07 00:33:56,512 INFO 4228 [egg-schedule]: register schedule F:\user\desktop\Project\Shopshare\node_modules\_egg-logrotator@3.1.0@egg-logrotator\app\schedule\rotate_by_file.js
2019-09-07 00:40:04,987 INFO 4124 [egg-schedule]: register schedule F:\user\desktop\Project\Shopshare\node_modules\_egg-multipart@2.9.0@egg-multipart\app\schedule\clean_tmpdir.js
2019-09-07 00:40:04,987 INFO 4124 [egg-schedule]: register schedule F:\user\desktop\Project\Shopshare\node_modules\_egg-logrotator@3.1.0@egg-logrotator\app\schedule\clean_log.js
2019-09-07 00:40:04,987 INFO 4124 [egg-schedule]: register schedule F:\user\desktop\Project\Shopshare\node_modules\_egg-logrotator@3.1.0@egg-logrotator\app\schedule\rotate_by_file.js
2019-09-07 00:40:40,405 INFO 6724 [egg-schedule]: register schedule F:\user\desktop\Project\Shopshare\node_modules\_egg-multipart@2.9.0@egg-multipart\app\schedule\clean_tmpdir.js
2019-09-07 00:40:40,405 INFO 6724 [egg-schedule]: register schedule F:\user\desktop\Project\Shopshare\node_modules\_egg-logrotator@3.1.0@egg-logrotator\app\schedule\clean_log.js
2019-09-07 00:40:40,405 INFO 6724 [egg-schedule]: register schedule F:\user\desktop\Project\Shopshare\node_modules\_egg-logrotator@3.1.0@egg-logrotator\app\schedule\rotate_by_file.js
2019-09-07 02:01:03,190 INFO 6184 [egg-schedule]: register schedule F:\user\desktop\Project\Shopshare\node_modules\_egg-multipart@2.9.0@egg-multipart\app\schedule\clean_tmpdir.js
2019-09-07 02:01:03,191 INFO 6184 [egg-schedule]: register schedule F:\user\desktop\Project\Shopshare\node_modules\_egg-logrotator@3.1.0@egg-logrotator\app\schedule\clean_log.js
2019-09-07 02:01:03,191 INFO 6184 [egg-schedule]: register schedule F:\user\desktop\Project\Shopshare\node_modules\_egg-logrotator@3.1.0@egg-logrotator\app\schedule\rotate_by_file.js
2019-09-07 02:01:09,089 INFO 1068 [egg-schedule]: register schedule F:\user\desktop\Project\Shopshare\node_modules\_egg-multipart@2.9.0@egg-multipart\app\schedule\clean_tmpdir.js
2019-09-07 02:01:09,089 INFO 1068 [egg-schedule]: register schedule F:\user\desktop\Project\Shopshare\node_modules\_egg-logrotator@3.1.0@egg-logrotator\app\schedule\clean_log.js
2019-09-07 02:01:09,089 INFO 1068 [egg-schedule]: register schedule F:\user\desktop\Project\Shopshare\node_modules\_egg-logrotator@3.1.0@egg-logrotator\app\schedule\rotate_by_file.js
2019-09-07 02:01:46,610 INFO 6724 [egg-schedule]: register schedule F:\user\desktop\Project\Shopshare\node_modules\_egg-multipart@2.9.0@egg-multipart\app\schedule\clean_tmpdir.js
2019-09-07 02:01:46,610 INFO 6724 [egg-schedule]: register schedule F:\user\desktop\Project\Shopshare\node_modules\_egg-logrotator@3.1.0@egg-logrotator\app\schedule\clean_log.js
2019-09-07 02:01:46,610 INFO 6724 [egg-schedule]: register schedule F:\user\desktop\Project\Shopshare\node_modules\_egg-logrotator@3.1.0@egg-logrotator\app\schedule\rotate_by_file.js
2019-09-07 02:01:46,998 INFO 10928 [Timer] F:\user\desktop\Project\Shopshare\node_modules\_egg-multipart@2.9.0@egg-multipart\app\schedule\clean_tmpdir.js next time will execute after 8893007ms at 2019-09-07 04:30:00.005
2019-09-07 02:01:46,999 INFO 10928 [Timer] F:\user\desktop\Project\Shopshare\node_modules\_egg-logrotator@3.1.0@egg-logrotator\app\schedule\clean_log.js next time will execute after 79093001ms at 2019-09-08 00:00:00.000
2019-09-07 02:01:47,000 INFO 10928 [Timer] F:\user\desktop\Project\Shopshare\node_modules\_egg-logrotator@3.1.0@egg-logrotator\app\schedule\rotate_by_file.js next time will execute after 79094000ms at 2019-09-08 00:00:01.000
2019-09-07 02:31:07,630 INFO 12948 [egg-schedule]: register schedule F:\user\desktop\Project\Shopshare\node_modules\_egg-multipart@2.9.0@egg-multipart\app\schedule\clean_tmpdir.js
2019-09-07 02:31:07,630 INFO 12948 [egg-schedule]: register schedule F:\user\desktop\Project\Shopshare\node_modules\_egg-logrotator@3.1.0@egg-logrotator\app\schedule\clean_log.js
2019-09-07 02:31:07,630 INFO 12948 [egg-schedule]: register schedule F:\user\desktop\Project\Shopshare\node_modules\_egg-logrotator@3.1.0@egg-logrotator\app\schedule\rotate_by_file.js
2019-09-07 02:31:13,546 INFO 8864 [egg-schedule]: register schedule F:\user\desktop\Project\Shopshare\node_modules\_egg-multipart@2.9.0@egg-multipart\app\schedule\clean_tmpdir.js
2019-09-07 02:31:13,546 INFO 8864 [egg-schedule]: register schedule F:\user\desktop\Project\Shopshare\node_modules\_egg-logrotator@3.1.0@egg-logrotator\app\schedule\clean_log.js
2019-09-07 02:31:13,546 INFO 8864 [egg-schedule]: register schedule F:\user\desktop\Project\Shopshare\node_modules\_egg-logrotator@3.1.0@egg-logrotator\app\schedule\rotate_by_file.js
2019-09-07 02:31:19,625 INFO 10372 [egg-schedule]: register schedule F:\user\desktop\Project\Shopshare\node_modules\_egg-multipart@2.9.0@egg-multipart\app\schedule\clean_tmpdir.js
2019-09-07 02:31:19,625 INFO 10372 [egg-schedule]: register schedule F:\user\desktop\Project\Shopshare\node_modules\_egg-logrotator@3.1.0@egg-logrotator\app\schedule\clean_log.js
2019-09-07 02:31:19,625 INFO 10372 [egg-schedule]: register schedule F:\user\desktop\Project\Shopshare\node_modules\_egg-logrotator@3.1.0@egg-logrotator\app\schedule\rotate_by_file.js
2019-09-07 02:31:26,732 INFO 8632 [egg-schedule]: register schedule F:\user\desktop\Project\Shopshare\node_modules\_egg-multipart@2.9.0@egg-multipart\app\schedule\clean_tmpdir.js
2019-09-07 02:31:26,732 INFO 8632 [egg-schedule]: register schedule F:\user\desktop\Project\Shopshare\node_modules\_egg-logrotator@3.1.0@egg-logrotator\app\schedule\clean_log.js
2019-09-07 02:31:26,732 INFO 8632 [egg-schedule]: register schedule F:\user\desktop\Project\Shopshare\node_modules\_egg-logrotator@3.1.0@egg-logrotator\app\schedule\rotate_by_file.js
2019-09-07 02:36:05,403 INFO 9416 [egg-schedule]: register schedule F:\user\desktop\Project\Shopshare\node_modules\_egg-multipart@2.9.0@egg-multipart\app\schedule\clean_tmpdir.js
2019-09-07 02:36:05,403 INFO 9416 [egg-schedule]: register schedule F:\user\desktop\Project\Shopshare\node_modules\_egg-logrotator@3.1.0@egg-logrotator\app\schedule\clean_log.js
2019-09-07 02:36:05,403 INFO 9416 [egg-schedule]: register schedule F:\user\desktop\Project\Shopshare\node_modules\_egg-logrotator@3.1.0@egg-logrotator\app\schedule\rotate_by_file.js
2019-09-07 02:36:40,313 INFO 8572 [egg-schedule]: register schedule F:\user\desktop\Project\Shopshare\node_modules\_egg-multipart@2.9.0@egg-multipart\app\schedule\clean_tmpdir.js
2019-09-07 02:36:40,313 INFO 8572 [egg-schedule]: register schedule F:\user\desktop\Project\Shopshare\node_modules\_egg-logrotator@3.1.0@egg-logrotator\app\schedule\clean_log.js
2019-09-07 02:36:40,313 INFO 8572 [egg-schedule]: register schedule F:\user\desktop\Project\Shopshare\node_modules\_egg-logrotator@3.1.0@egg-logrotator\app\schedule\rotate_by_file.js
2019-09-07 02:37:33,151 INFO 10708 [egg-schedule]: register schedule F:\user\desktop\Project\Shopshare\node_modules\_egg-multipart@2.9.0@egg-multipart\app\schedule\clean_tmpdir.js
2019-09-07 02:37:33,151 INFO 10708 [egg-schedule]: register schedule F:\user\desktop\Project\Shopshare\node_modules\_egg-logrotator@3.1.0@egg-logrotator\app\schedule\clean_log.js
2019-09-07 02:37:33,151 INFO 10708 [egg-schedule]: register schedule F:\user\desktop\Project\Shopshare\node_modules\_egg-logrotator@3.1.0@egg-logrotator\app\schedule\rotate_by_file.js
2019-09-07 02:38:52,039 INFO 13196 [egg-schedule]: register schedule F:\user\desktop\Project\Shopshare\node_modules\_egg-multipart@2.9.0@egg-multipart\app\schedule\clean_tmpdir.js
2019-09-07 02:38:52,039 INFO 13196 [egg-schedule]: register schedule F:\user\desktop\Project\Shopshare\node_modules\_egg-logrotator@3.1.0@egg-logrotator\app\schedule\clean_log.js
2019-09-07 02:38:52,039 INFO 13196 [egg-schedule]: register schedule F:\user\desktop\Project\Shopshare\node_modules\_egg-logrotator@3.1.0@egg-logrotator\app\schedule\rotate_by_file.js
2019-09-07 02:39:56,302 INFO 1532 [egg-schedule]: register schedule F:\user\desktop\Project\Shopshare\node_modules\_egg-multipart@2.9.0@egg-multipart\app\schedule\clean_tmpdir.js
2019-09-07 02:39:56,302 INFO 1532 [egg-schedule]: register schedule F:\user\desktop\Project\Shopshare\node_modules\_egg-logrotator@3.1.0@egg-logrotator\app\schedule\clean_log.js
2019-09-07 02:39:56,302 INFO 1532 [egg-schedule]: register schedule F:\user\desktop\Project\Shopshare\node_modules\_egg-logrotator@3.1.0@egg-logrotator\app\schedule\rotate_by_file.js
2019-09-07 02:41:18,974 INFO 6664 [egg-schedule]: register schedule F:\user\desktop\Project\Shopshare\node_modules\_egg-multipart@2.9.0@egg-multipart\app\schedule\clean_tmpdir.js
2019-09-07 02:41:18,974 INFO 6664 [egg-schedule]: register schedule F:\user\desktop\Project\Shopshare\node_modules\_egg-logrotator@3.1.0@egg-logrotator\app\schedule\clean_log.js
2019-09-07 02:41:18,974 INFO 6664 [egg-schedule]: register schedule F:\user\desktop\Project\Shopshare\node_modules\_egg-logrotator@3.1.0@egg-logrotator\app\schedule\rotate_by_file.js
2019-09-07 02:41:32,111 INFO 14596 [egg-schedule]: register schedule F:\user\desktop\Project\Shopshare\node_modules\_egg-multipart@2.9.0@egg-multipart\app\schedule\clean_tmpdir.js
2019-09-07 02:41:32,111 INFO 14596 [egg-schedule]: register schedule F:\user\desktop\Project\Shopshare\node_modules\_egg-logrotator@3.1.0@egg-logrotator\app\schedule\clean_log.js
2019-09-07 02:41:32,111 INFO 14596 [egg-schedule]: register schedule F:\user\desktop\Project\Shopshare\node_modules\_egg-logrotator@3.1.0@egg-logrotator\app\schedule\rotate_by_file.js
2019-09-07 02:42:25,757 INFO 15284 [egg-schedule]: register schedule F:\user\desktop\Project\Shopshare\node_modules\_egg-multipart@2.9.0@egg-multipart\app\schedule\clean_tmpdir.js
2019-09-07 02:42:25,757 INFO 15284 [egg-schedule]: register schedule F:\user\desktop\Project\Shopshare\node_modules\_egg-logrotator@3.1.0@egg-logrotator\app\schedule\clean_log.js
2019-09-07 02:42:25,757 INFO 15284 [egg-schedule]: register schedule F:\user\desktop\Project\Shopshare\node_modules\_egg-logrotator@3.1.0@egg-logrotator\app\schedule\rotate_by_file.js
2019-09-07 02:43:10,890 INFO 8152 [egg-schedule]: register schedule F:\user\desktop\Project\Shopshare\node_modules\_egg-multipart@2.9.0@egg-multipart\app\schedule\clean_tmpdir.js
2019-09-07 02:43:10,890 INFO 8152 [egg-schedule]: register schedule F:\user\desktop\Project\Shopshare\node_modules\_egg-logrotator@3.1.0@egg-logrotator\app\schedule\clean_log.js
2019-09-07 02:43:10,890 INFO 8152 [egg-schedule]: register schedule F:\user\desktop\Project\Shopshare\node_modules\_egg-logrotator@3.1.0@egg-logrotator\app\schedule\rotate_by_file.js
2019-09-07 02:43:36,287 INFO 10872 [egg-schedule]: register schedule F:\user\desktop\Project\Shopshare\node_modules\_egg-multipart@2.9.0@egg-multipart\app\schedule\clean_tmpdir.js
2019-09-07 02:43:36,287 INFO 10872 [egg-schedule]: register schedule F:\user\desktop\Project\Shopshare\node_modules\_egg-logrotator@3.1.0@egg-logrotator\app\schedule\clean_log.js
2019-09-07 02:43:36,287 INFO 10872 [egg-schedule]: register schedule F:\user\desktop\Project\Shopshare\node_modules\_egg-logrotator@3.1.0@egg-logrotator\app\schedule\rotate_by_file.js
2019-09-07 02:44:04,777 INFO 14740 [egg-schedule]: register schedule F:\user\desktop\Project\Shopshare\node_modules\_egg-multipart@2.9.0@egg-multipart\app\schedule\clean_tmpdir.js
2019-09-07 02:44:04,777 INFO 14740 [egg-schedule]: register schedule F:\user\desktop\Project\Shopshare\node_modules\_egg-logrotator@3.1.0@egg-logrotator\app\schedule\clean_log.js
2019-09-07 02:44:04,777 INFO 14740 [egg-schedule]: register schedule F:\user\desktop\Project\Shopshare\node_modules\_egg-logrotator@3.1.0@egg-logrotator\app\schedule\rotate_by_file.js
2019-09-07 02:44:26,263 INFO 5872 [egg-schedule]: register schedule F:\user\desktop\Project\Shopshare\node_modules\_egg-multipart@2.9.0@egg-multipart\app\schedule\clean_tmpdir.js
2019-09-07 02:44:26,263 INFO 5872 [egg-schedule]: register schedule F:\user\desktop\Project\Shopshare\node_modules\_egg-logrotator@3.1.0@egg-logrotator\app\schedule\clean_log.js
2019-09-07 02:44:26,263 INFO 5872 [egg-schedule]: register schedule F:\user\desktop\Project\Shopshare\node_modules\_egg-logrotator@3.1.0@egg-logrotator\app\schedule\rotate_by_file.js
2019-09-07 02:44:52,024 INFO 7524 [egg-schedule]: register schedule F:\user\desktop\Project\Shopshare\node_modules\_egg-multipart@2.9.0@egg-multipart\app\schedule\clean_tmpdir.js
2019-09-07 02:44:52,024 INFO 7524 [egg-schedule]: register schedule F:\user\desktop\Project\Shopshare\node_modules\_egg-logrotator@3.1.0@egg-logrotator\app\schedule\clean_log.js
2019-09-07 02:44:52,024 INFO 7524 [egg-schedule]: register schedule F:\user\desktop\Project\Shopshare\node_modules\_egg-logrotator@3.1.0@egg-logrotator\app\schedule\rotate_by_file.js
2019-09-07 02:45:09,436 INFO 10656 [egg-schedule]: register schedule F:\user\desktop\Project\Shopshare\node_modules\_egg-multipart@2.9.0@egg-multipart\app\schedule\clean_tmpdir.js
2019-09-07 02:45:09,436 INFO 10656 [egg-schedule]: register schedule F:\user\desktop\Project\Shopshare\node_modules\_egg-logrotator@3.1.0@egg-logrotator\app\schedule\clean_log.js
2019-09-07 02:45:09,436 INFO 10656 [egg-schedule]: register schedule F:\user\desktop\Project\Shopshare\node_modules\_egg-logrotator@3.1.0@egg-logrotator\app\schedule\rotate_by_file.js
2019-09-07 02:45:24,020 INFO 14368 [egg-schedule]: register schedule F:\user\desktop\Project\Shopshare\node_modules\_egg-multipart@2.9.0@egg-multipart\app\schedule\clean_tmpdir.js
2019-09-07 02:45:24,020 INFO 14368 [egg-schedule]: register schedule F:\user\desktop\Project\Shopshare\node_modules\_egg-logrotator@3.1.0@egg-logrotator\app\schedule\clean_log.js
2019-09-07 02:45:24,020 INFO 14368 [egg-schedule]: register schedule F:\user\desktop\Project\Shopshare\node_modules\_egg-logrotator@3.1.0@egg-logrotator\app\schedule\rotate_by_file.js
2019-09-07 02:45:44,338 INFO 8156 [egg-schedule]: register schedule F:\user\desktop\Project\Shopshare\node_modules\_egg-multipart@2.9.0@egg-multipart\app\schedule\clean_tmpdir.js
2019-09-07 02:45:44,338 INFO 8156 [egg-schedule]: register schedule F:\user\desktop\Project\Shopshare\node_modules\_egg-logrotator@3.1.0@egg-logrotator\app\schedule\clean_log.js
2019-09-07 02:45:44,338 INFO 8156 [egg-schedule]: register schedule F:\user\desktop\Project\Shopshare\node_modules\_egg-logrotator@3.1.0@egg-logrotator\app\schedule\rotate_by_file.js
2019-09-07 02:46:00,460 INFO 14540 [egg-schedule]: register schedule F:\user\desktop\Project\Shopshare\node_modules\_egg-multipart@2.9.0@egg-multipart\app\schedule\clean_tmpdir.js
2019-09-07 02:46:00,460 INFO 14540 [egg-schedule]: register schedule F:\user\desktop\Project\Shopshare\node_modules\_egg-logrotator@3.1.0@egg-logrotator\app\schedule\clean_log.js
2019-09-07 02:46:00,460 INFO 14540 [egg-schedule]: register schedule F:\user\desktop\Project\Shopshare\node_modules\_egg-logrotator@3.1.0@egg-logrotator\app\schedule\rotate_by_file.js
2019-09-07 02:46:11,200 INFO 8864 [egg-schedule]: register schedule F:\user\desktop\Project\Shopshare\node_modules\_egg-multipart@2.9.0@egg-multipart\app\schedule\clean_tmpdir.js
2019-09-07 02:46:11,200 INFO 8864 [egg-schedule]: register schedule F:\user\desktop\Project\Shopshare\node_modules\_egg-logrotator@3.1.0@egg-logrotator\app\schedule\clean_log.js
2019-09-07 02:46:11,200 INFO 8864 [egg-schedule]: register schedule F:\user\desktop\Project\Shopshare\node_modules\_egg-logrotator@3.1.0@egg-logrotator\app\schedule\rotate_by_file.js
2019-09-07 02:46:21,147 INFO 1792 [egg-schedule]: register schedule F:\user\desktop\Project\Shopshare\node_modules\_egg-multipart@2.9.0@egg-multipart\app\schedule\clean_tmpdir.js
2019-09-07 02:46:21,148 INFO 1792 [egg-schedule]: register schedule F:\user\desktop\Project\Shopshare\node_modules\_egg-logrotator@3.1.0@egg-logrotator\app\schedule\clean_log.js
2019-09-07 02:46:21,148 INFO 1792 [egg-schedule]: register schedule F:\user\desktop\Project\Shopshare\node_modules\_egg-logrotator@3.1.0@egg-logrotator\app\schedule\rotate_by_file.js
2019-09-07 02:46:30,931 INFO 7560 [egg-schedule]: register schedule F:\user\desktop\Project\Shopshare\node_modules\_egg-multipart@2.9.0@egg-multipart\app\schedule\clean_tmpdir.js
2019-09-07 02:46:30,931 INFO 7560 [egg-schedule]: register schedule F:\user\desktop\Project\Shopshare\node_modules\_egg-logrotator@3.1.0@egg-logrotator\app\schedule\clean_log.js
2019-09-07 02:46:30,931 INFO 7560 [egg-schedule]: register schedule F:\user\desktop\Project\Shopshare\node_modules\_egg-logrotator@3.1.0@egg-logrotator\app\schedule\rotate_by_file.js
2019-09-07 02:46:43,365 INFO 14572 [egg-schedule]: register schedule F:\user\desktop\Project\Shopshare\node_modules\_egg-multipart@2.9.0@egg-multipart\app\schedule\clean_tmpdir.js
2019-09-07 02:46:43,365 INFO 14572 [egg-schedule]: register schedule F:\user\desktop\Project\Shopshare\node_modules\_egg-logrotator@3.1.0@egg-logrotator\app\schedule\clean_log.js
2019-09-07 02:46:43,365 INFO 14572 [egg-schedule]: register schedule F:\user\desktop\Project\Shopshare\node_modules\_egg-logrotator@3.1.0@egg-logrotator\app\schedule\rotate_by_file.js
2019-09-07 02:46:59,985 INFO 2652 [egg-schedule]: register schedule F:\user\desktop\Project\Shopshare\node_modules\_egg-multipart@2.9.0@egg-multipart\app\schedule\clean_tmpdir.js
2019-09-07 02:46:59,985 INFO 2652 [egg-schedule]: register schedule F:\user\desktop\Project\Shopshare\node_modules\_egg-logrotator@3.1.0@egg-logrotator\app\schedule\clean_log.js
2019-09-07 02:46:59,991 INFO 2652 [egg-schedule]: register schedule F:\user\desktop\Project\Shopshare\node_modules\_egg-logrotator@3.1.0@egg-logrotator\app\schedule\rotate_by_file.js
2019-09-07 02:47:22,994 INFO 14132 [egg-schedule]: register schedule F:\user\desktop\Project\Shopshare\node_modules\_egg-multipart@2.9.0@egg-multipart\app\schedule\clean_tmpdir.js
2019-09-07 02:47:22,994 INFO 14132 [egg-schedule]: register schedule F:\user\desktop\Project\Shopshare\node_modules\_egg-logrotator@3.1.0@egg-logrotator\app\schedule\clean_log.js
2019-09-07 02:47:22,994 INFO 14132 [egg-schedule]: register schedule F:\user\desktop\Project\Shopshare\node_modules\_egg-logrotator@3.1.0@egg-logrotator\app\schedule\rotate_by_file.js
